INFO:root:message from user512423409MSG: !1
INFO:root:message from user161959141MSG: рофланпоминки
INFO:root:message from user512423409MSG: Бля
INFO:root:message from user376359640MSG: !addcom 123 444
INFO:root:message from user564230346MSG: Нельзя добавить существуюую комманду
INFO:root:message from user161959141MSG: Комманда 123 добавлена!
INFO:root:message from user244389151MSG: Комманда 123 добавлена!
INFO:root:message from user244389151MSG: Нахуй я это сделал
INFO:root:message from user381762106MSG: ема пранкер рака макаафо
INFO:root:message from user416207381MSG: !грустно
INFO:root:message from user244389151MSG: 
INFO:root:message from user-185313238MSG: Впрочем как и я щяс просрал
INFO:root:message from user244389151MSG: !qisebot
INFO:root:message from user244389151MSG: vk.com/@-193619085-qisebot
INFO:root:message from user376359640MSG: !addcom дима 213213
INFO:root:message from user244389151MSG: Комманда дима добавлена!
INFO:root:message from user564230346MSG: Комманда дима добавлена!
INFO:root:message from user416207381MSG: !грустно
INFO:root:message from user244389151MSG: 
INFO:root:message from user512423409MSG: !addcom !1 я член
INFO:root:message from user564230346MSG: Комманда !1 добавлена!
INFO:root:message from user244389151MSG: Комманда !1 добавлена!
INFO:root:message from user512423409MSG: !1
INFO:root:message from user244389151MSG: я член
INFO:root:message from user564230346MSG: я член
INFO:root:message from user376359640MSG: !addcom дима дима1
INFO:root:message from user564230346MSG: Нельзя добавить существуюую комманду
INFO:root:message from user416207381MSG: !1
INFO:root:message from user564230346MSG: я член
INFO:root:message from user381762106MSG: эм
INFO:root:message from user-185313238MSG: Felt говно
INFO:root:message from user381762106MSG: согл
INFO:root:message from user-185313238MSG: Пожалуй, 2 или нео
INFO:root:message from user244389151MSG: !1
INFO:root:message from user244389151MSG: я член
INFO:root:message from user564230346MSG: я член
INFO:root:message from user244389151MSG: !delcom !1
INFO:root:message from user564230346MSG: Комманда !1 удалена!
INFO:root:message from user244389151MSG: Комманда !1 удалена!
INFO:root:message from user381762106MSG: все хватит
INFO:root:message from user416207381MSG: !грустно
INFO:root:message from user244389151MSG: 
INFO:root:message from user381762106MSG: stoppp
INFO:root:message from user381762106MSG: aaaoaoaoaoa
INFO:root:message from user416207381MSG: Буду спать этим
INFO:root:message from user244389151MSG: Только попробуй
INFO:root:message from user381762106MSG: AAAAE A E I E A
INFO:root:message from user381762106MSG: JOOOOOOOO
INFO:root:message from user416207381MSG: !грустно
INFO:root:message from user244389151MSG: 
INFO:root:message from user416207381MSG: Ладно всё
